uikit/build/outputs/logs/manifest-merger-debug-report.txt
-- Merging decision tree log ---
manifest
ADDED from IM\uikit\AndroidManifest.xml:1:1-159:12
INJECTED from IM\uikit\AndroidManifest.xml:1:1-159:12
INJECTED from IM\uikit\AndroidManifest.xml:1:1-159:12
	package
		ADDED from IM\uikit\AndroidManifest.xml:2:5-36
		INJECTED from IM\uikit\AndroidManifest.xml
		INJECTED from IM\uikit\AndroidManifest.xml
	xmlns:android
		ADDED from IM\uikit\AndroidManifest.xml:1:11-69
uses-permission#android.permission.READ_EXTERNAL_STORAGE
ADDED from IM\uikit\AndroidManifest.xml:4:5-79
	android:name
		ADDED from IM\uikit\AndroidManifest.xml:4:22-77
uses-permission#android.permission.WRITE_EXTERNAL_STORAGE
ADDED from IM\uikit\AndroidManifest.xml:5:5-80
	android:name
		ADDED from IM\uikit\AndroidManifest.xml:5:22-78
application
ADDED from IM\uikit\AndroidManifest.xml:7:5-158:19
meta-data#com.netease.nim.uikit.support.glide.NIMGlideModule
ADDED from IM\uikit\AndroidManifest.xml:9:9-11:42
	android:value
		ADDED from IM\uikit\AndroidManifest.xml:11:13-40
	android:name
		ADDED from IM\uikit\AndroidManifest.xml:10:13-78
activity#com.netease.nim.uikit.business.session.activity.P2PMessageActivity
ADDED from IM\uikit\AndroidManifest.xml:16:9-21:70
	android:screenOrientation
		ADDED from IM\uikit\AndroidManifest.xml:19:13-49
	android:windowSoftInputMode
		ADDED from IM\uikit\AndroidManifest.xml:21:13-67
	android:configChanges
		ADDED from IM\uikit\AndroidManifest.xml:18:13-63
	android:theme
		ADDED from IM\uikit\AndroidManifest.xml:20:13-69
	android:name
		ADDED from IM\uikit\AndroidManifest.xml:17:13-94
activity#com.netease.nim.uikit.business.session.activity.TeamMessageActivity
ADDED from IM\uikit\AndroidManifest.xml:22:9-27:70
	android:screenOrientation
		ADDED from IM\uikit\AndroidManifest.xml:25:13-49
	android:windowSoftInputMode
		ADDED from IM\uikit\AndroidManifest.xml:27:13-67
	android:configChanges
		ADDED from IM\uikit\AndroidManifest.xml:24:13-63
	android:theme
		ADDED from IM\uikit\AndroidManifest.xml:26:13-69
	android:name
		ADDED from IM\uikit\AndroidManifest.xml:23:13-95
activity#com.netease.nim.uikit.business.team.activity.NormalTeamInfoActivity
ADDED from IM\uikit\AndroidManifest.xml:30:9-35:70
	android:screenOrientation
		ADDED from IM\uikit\AndroidManifest.xml:33:13-49
	android:windowSoftInputMode
		ADDED from IM\uikit\AndroidManifest.xml:35:13-67
	android:configChanges
		ADDED from IM\uikit\AndroidManifest.xml:32:13-63
	android:theme
		ADDED from IM\uikit\AndroidManifest.xml:34:13-56
	android:name
		ADDED from IM\uikit\AndroidManifest.xml:31:13-95
activity#com.netease.nim.uikit.business.team.activity.AdvancedTeamInfoActivity
ADDED from IM\uikit\AndroidManifest.xml:36:9-41:70
	android:screenOrientation
		ADDED from IM\uikit\AndroidManifest.xml:39:13-49
	android:windowSoftInputMode
		ADDED from IM\uikit\AndroidManifest.xml:41:13-67
	android:configChanges
		ADDED from IM\uikit\AndroidManifest.xml:38:13-63
	android:theme
		ADDED from IM\uikit\AndroidManifest.xml:40:13-56
	android:name
		ADDED from IM\uikit\AndroidManifest.xml:37:13-97
activity#com.netease.nim.uikit.business.team.activity.AdvancedTeamMemberActivity
ADDED from IM\uikit\AndroidManifest.xml:42:9-47:70
	android:screenOrientation
		ADDED from IM\uikit\AndroidManifest.xml:45:13-49
	android:windowSoftInputMode
		ADDED from IM\uikit\AndroidManifest.xml:47:13-67
	android:configChanges
		ADDED from IM\uikit\AndroidManifest.xml:44:13-63
	android:theme
		ADDED from IM\uikit\AndroidManifest.xml:46:13-56
	android:name
		ADDED from IM\uikit\AndroidManifest.xml:43:13-99
activity#com.netease.nim.uikit.business.team.activity.AdvancedTeamAnnounceActivity
ADDED from IM\uikit\AndroidManifest.xml:48:9-53:70
	android:screenOrientation
		ADDED from IM\uikit\AndroidManifest.xml:51:13-49
	android:windowSoftInputMode
		ADDED from IM\uikit\AndroidManifest.xml:53:13-67
	android:configChanges
		ADDED from IM\uikit\AndroidManifest.xml:50:13-63
	android:theme
		ADDED from IM\uikit\AndroidManifest.xml:52:13-56
	android:name
		ADDED from IM\uikit\AndroidManifest.xml:49:13-101
activity#com.netease.nim.uikit.business.team.activity.AdvancedTeamMemberInfoActivity
ADDED from IM\uikit\AndroidManifest.xml:54:9-59:70
	android:screenOrientation
		ADDED from IM\uikit\AndroidManifest.xml:57:13-49
	android:windowSoftInputMode
		ADDED from IM\uikit\AndroidManifest.xml:59:13-67
	android:configChanges
		ADDED from IM\uikit\AndroidManifest.xml:56:13-63
	android:theme
		ADDED from IM\uikit\AndroidManifest.xml:58:13-56
	android:name
		ADDED from IM\uikit\AndroidManifest.xml:55:13-103
activity#com.netease.nim.uikit.business.team.activity.AdvancedTeamNicknameActivity
ADDED from IM\uikit\AndroidManifest.xml:60:9-65:70
	android:screenOrientation
		ADDED from IM\uikit\AndroidManifest.xml:63:13-49
	android:windowSoftInputMode
		ADDED from IM\uikit\AndroidManifest.xml:65:13-67
	android:configChanges
		ADDED from IM\uikit\AndroidManifest.xml:62:13-63
	android:theme
		ADDED from IM\uikit\AndroidManifest.xml:64:13-56
	android:name
		ADDED from IM\uikit\AndroidManifest.xml:61:13-101
activity#com.netease.nim.uikit.business.team.activity.AdvancedTeamCreateAnnounceActivity
ADDED from IM\uikit\AndroidManifest.xml:66:9-71:70
	android:screenOrientation
		ADDED from IM\uikit\AndroidManifest.xml:69:13-49
	android:windowSoftInputMode
		ADDED from IM\uikit\AndroidManifest.xml:71:13-67
	android:configChanges
		ADDED from IM\uikit\AndroidManifest.xml:68:13-63
	android:theme
		ADDED from IM\uikit\AndroidManifest.xml:70:13-56
	android:name
		ADDED from IM\uikit\AndroidManifest.xml:67:13-107
activity#com.netease.nim.uikit.business.team.activity.TeamPropertySettingActivity
ADDED from IM\uikit\AndroidManifest.xml:72:9-77:70
	android:screenOrientation
		ADDED from IM\uikit\AndroidManifest.xml:75:13-49
	android:windowSoftInputMode
		ADDED from IM\uikit\AndroidManifest.xml:77:13-67
	android:configChanges
		ADDED from IM\uikit\AndroidManifest.xml:74:13-63
	android:theme
		ADDED from IM\uikit\AndroidManifest.xml:76:13-56
	android:name
		ADDED from IM\uikit\AndroidManifest.xml:73:13-100
activity#com.netease.nim.uikit.business.contact.selector.activity.ContactSelectActivity
ADDED from IM\uikit\AndroidManifest.xml:80:9-86:67
	android:screenOrientation
		ADDED from IM\uikit\AndroidManifest.xml:84:13-49
	android:label
		ADDED from IM\uikit\AndroidManifest.xml:83:13-53
	android:windowSoftInputMode
		ADDED from IM\uikit\AndroidManifest.xml:86:13-64
	android:configChanges
		ADDED from IM\uikit\AndroidManifest.xml:82:13-63
	android:theme
		ADDED from IM\uikit\AndroidManifest.xml:85:13-56
	android:name
		ADDED from IM\uikit\AndroidManifest.xml:81:13-106
activity#com.netease.nim.uikit.business.ait.selector.AitContactSelectorActivity
ADDED from IM\uikit\AndroidManifest.xml:89:9-91:64
	android:screenOrientation
		ADDED from IM\uikit\AndroidManifest.xml:90:19-55
	android:theme
		ADDED from IM\uikit\AndroidManifest.xml:91:19-62
	android:name
		ADDED from IM\uikit\AndroidManifest.xml:89:19-83
activity#com.netease.nim.uikit.common.media.picker.activity.PickImageActivity
ADDED from IM\uikit\AndroidManifest.xml:94:9-97:59
	android:screenOrientation
		ADDED from IM\uikit\AndroidManifest.xml:96:13-49
	android:theme
		ADDED from IM\uikit\AndroidManifest.xml:97:13-56
	android:name
		ADDED from IM\uikit\AndroidManifest.xml:95:13-96
activity#com.netease.nim.uikit.common.media.picker.activity.CropImageActivity
ADDED from IM\uikit\AndroidManifest.xml:98:9-101:58
	android:screenOrientation
		ADDED from IM\uikit\AndroidManifest.xml:100:13-49
	android:theme
		ADDED from IM\uikit\AndroidManifest.xml:101:13-56
	android:name
		ADDED from IM\uikit\AndroidManifest.xml:99:13-96
activity#com.netease.nim.uikit.common.media.picker.activity.PickerAlbumActivity
ADDED from IM\uikit\AndroidManifest.xml:102:9-105:59
	android:screenOrientation
		ADDED from IM\uikit\AndroidManifest.xml:104:13-49
	android:theme
		ADDED from IM\uikit\AndroidManifest.xml:105:13-56
	android:name
		ADDED from IM\uikit\AndroidManifest.xml:103:13-98
activity#com.netease.nim.uikit.common.media.picker.activity.PickerAlbumPreviewActivity
ADDED from IM\uikit\AndroidManifest.xml:106:9-109:59
	android:screenOrientation
		ADDED from IM\uikit\AndroidManifest.xml:108:13-49
	android:theme
		ADDED from IM\uikit\AndroidManifest.xml:109:13-56
	android:name
		ADDED from IM\uikit\AndroidManifest.xml:107:13-105
activity#com.netease.nim.uikit.common.media.picker.activity.PreviewImageFromLocalActivity
ADDED from IM\uikit\AndroidManifest.xml:110:9-115:58
	android:screenOrientation
		ADDED from IM\uikit\AndroidManifest.xml:113:13-49
	android:windowSoftInputMode
		ADDED from IM\uikit\AndroidManifest.xml:114:13-67
	android:configChanges
		ADDED from IM\uikit\AndroidManifest.xml:112:13-63
	android:theme
		ADDED from IM\uikit\AndroidManifest.xml:115:13-56
	android:name
		ADDED from IM\uikit\AndroidManifest.xml:111:13-108
activity#com.netease.nim.uikit.common.media.picker.activity.PreviewImageFromCameraActivity
ADDED from IM\uikit\AndroidManifest.xml:116:9-122:70
	android:screenOrientation
		ADDED from IM\uikit\AndroidManifest.xml:120:13-49
	android:label
		ADDED from IM\uikit\AndroidManifest.xml:119:13-53
	android:windowSoftInputMode
		ADDED from IM\uikit\AndroidManifest.xml:122:13-67
	android:configChanges
		ADDED from IM\uikit\AndroidManifest.xml:118:13-63
	android:theme
		ADDED from IM\uikit\AndroidManifest.xml:121:13-56
	android:name
		ADDED from IM\uikit\AndroidManifest.xml:117:13-109
activity#com.netease.nim.uikit.business.session.activity.CaptureVideoActivity
ADDED from IM\uikit\AndroidManifest.xml:125:9-130:58
	android:screenOrientation
		ADDED from IM\uikit\AndroidManifest.xml:128:13-49
	android:windowSoftInputMode
		ADDED from IM\uikit\AndroidManifest.xml:129:13-67
	android:configChanges
		ADDED from IM\uikit\AndroidManifest.xml:127:13-63
	android:theme
		ADDED from IM\uikit\AndroidManifest.xml:130:13-56
	android:name
		ADDED from IM\uikit\AndroidManifest.xml:126:13-96
activity#com.netease.nim.uikit.business.session.activity.WatchVideoActivity
ADDED from IM\uikit\AndroidManifest.xml:132:9-136:48
	android:label
		ADDED from IM\uikit\AndroidManifest.xml:135:13-47
	android:configChanges
		ADDED from IM\uikit\AndroidManifest.xml:134:13-74
	android:theme
		ADDED from IM\uikit\AndroidManifest.xml:136:13-45
	android:name
		ADDED from IM\uikit\AndroidManifest.xml:133:13-94
activity#com.netease.nim.uikit.business.session.activity.WatchMessagePictureActivity
ADDED from IM\uikit\AndroidManifest.xml:139:9-142:47
	android:configChanges
		ADDED from IM\uikit\AndroidManifest.xml:141:13-51
	android:theme
		ADDED from IM\uikit\AndroidManifest.xml:142:13-45
	android:name
		ADDED from IM\uikit\AndroidManifest.xml:140:13-103
activity#com.netease.nim.uikit.business.session.activity.WatchPicAndVideoMenuActivity
ADDED from IM\uikit\AndroidManifest.xml:144:9-146:47
	android:configChanges
		ADDED from IM\uikit\AndroidManifest.xml:145:13-51
	android:theme
		ADDED from IM\uikit\AndroidManifest.xml:146:13-45
	android:name
		ADDED from IM\uikit\AndroidManifest.xml:144:19-89
provider#com.netease.nim.uikit.common.media.picker.model.GenericFileProvider
ADDED from IM\uikit\AndroidManifest.xml:149:9-157:20
	android:grantUriPermissions
		ADDED from IM\uikit\AndroidManifest.xml:153:13-47
	android:authorities
		ADDED from IM\uikit\AndroidManifest.xml:151:13-73
	android:exported
		ADDED from IM\uikit\AndroidManifest.xml:152:13-37
	android:name
		ADDED from IM\uikit\AndroidManifest.xml:150:13-95
meta-data#android.support.FILE_PROVIDER_PATHS
ADDED from IM\uikit\AndroidManifest.xml:154:13-156:57
	android:resource
		ADDED from IM\uikit\AndroidManifest.xml:156:17-55
	android:name
		ADDED from IM\uikit\AndroidManifest.xml:155:17-67
uses-sdk
INJECTED from IM\uikit\AndroidManifest.xml reason: use-sdk injection requested
INJECTED from IM\uikit\AndroidManifest.xml
INJECTED from IM\uikit\AndroidManifest.xml
INJECTED from IM\uikit\AndroidManifest.xml
INJECTED from IM\uikit\AndroidManifest.xml
	android:targetSdkVersion
		INJECTED from IM\uikit\AndroidManifest.xml
		ADDED from IM\uikit\AndroidManifest.xml
		INJECTED from IM\uikit\AndroidManifest.xml
	android:minSdkVersion
		INJECTED from IM\uikit\AndroidManifest.xml
		ADDED from IM\uikit\AndroidManifest.xml
		INJECTED from IM\uikit\AndroidManifest.xml